<?xml version="1.0" encoding="UTF-8"?>
<testsuite name="com.dev3l.hello_world.test.ExampleTest" tests="1" skipped="0" failures="0" errors="0" timestamp="2025-07-07T10:58:38" hostname="LAPTOP-610I3EDT" time="0.001">
  <properties/>
  <testcase name="exampleTest" classname="com.dev3l.hello_world.test.ExampleTest" time="0.001"/>
  <system-out><![CDATA[]]></system-out>
  <system-err><![CDATA[]]></system-err>
</testsuite>
